C51 COMPILER V6.12  18B20                                                                  08/05/2013 15:34:01 PAGE 1   


C51 COMPILER V6.12, COMPILATION OF MODULE 18B20
OBJECT MODULE PLACED IN .\18b20.OBJ
COMPILER INVOKED BY: C:\Keil\C51\BIN\C51.EXE .\18b20.c DEBUG OBJECTEXTEND

stmt level    source

   1          //调用函数：uint16 get_temp();
   2          //返回一个三位数的温度值最后一位为小数值
   3          #include"18b20.h"
   4          //温度值小数部分对照表
   5          const uchar table_tempfh[]={0,1,1,2,3,3,4,4,5,6,6,7,8,8,9,9};
   6          /******************************************************
   7          函数名称：delay18b20(uint num)
   8          返回值：无
   9          参数：uint num 颜色数据值
  10          作用：延时
  11          *******************************************************/
  12          void delay18b20(uint16 num)
  13          { 
  14   1      while(num--);
  15   1      }
  16          /******************************************************
  17          函数名称：void Init_DS18B20(void)
  18          返回值：无
  19          参数：无
  20          作用：初始化18B20
  21          *******************************************************/ 
  22          void Init_DS18B20(void)
  23          {
  24   1      char x=0;
  25   1      DQ18b20=1;
  26   1      delay18b20(10);//稍作延时
  27   1      DQ18b20=0;
  28   1      delay18b20(80);//延时>480us 540us
  29   1      DQ18b20=1; //拉高总线 15-60us
  30   1      delay18b20(20);
  31   1      x=DQ18b20;//读总线状态 为0复位成功，为1则不成功 
  32   1      delay18b20(30);
  33   1      DQ18b20=1;//释放总线
  34   1      }
  35          /******************************************************
  36          函数名称：uchar ReadOneChar(void)
  37          返回值：uchar dat
  38          参数： 无
  39          作用：读1820一个字节
  40          *******************************************************/
  41          uchar ReadOneChar(void)
  42          {
  43   1      uchar i;
  44   1      uchar dat=0;
  45   1      for(i=0;i<8;i++)
  46   1      {
  47   2      DQ18b20=0;
  48   2      dat>>=1;
  49   2      DQ18b20=1;//给脉冲
  50   2      if(DQ18b20) {dat|=0x80;}//读1 /// 读0右移处理 
  51   2      delay18b20(8);//15us内读完一个数
  52   2      }
  53   1      return(dat);
  54   1      }
  55          /******************************************************
C51 COMPILER V6.12  18B20                                                                  08/05/2013 15:34:01 PAGE 2   

  56          函数名称：void WriteOneChar(uchar dat)
  57          返回值：无
  58          参数： uchar dat
  59          作用：写1820一个字节
  60          *******************************************************/
  61          /////****写DS18B20***///写0 60us读完，写1 30us 内读完
  62          void WriteOneChar(uchar dat)
  63          {
  64   1      uchar i=0;
  65   1      for(i=0;i<8;i++)
  66   1      {
  67   2      DQ18b20=0; 
  68   2      DQ18b20=dat&0x01;//写所给数据最低位
  69   2      delay18b20(10); ///////////
  70   2      DQ18b20=1;//给脉冲
  71   2      dat>>=1; 
  72   2      }
  73   1      delay18b20(8);
  74   1      }
  75          /******************************************************
  76          函数名称：int ReadOneTemperature(void)
  77          返回值：int t
  78          参数： 无
  79          作用：读温度值
  80          *******************************************************/
  81          int get_temp(void) ////////***读取温度值***********///// 每次读写均要先复位
  82          { 
  83   1      uchar a=0;
  84   1      uchar b=0;
  85   1      uint16 t=0;
  86   1      Init_DS18B20();
  87   1      WriteOneChar(0xcc);//发跳过ROM命令
  88   1      WriteOneChar(0x44);//发读开始转换命令
  89   1      Init_DS18B20();
  90   1      WriteOneChar(0xcc);//发跳过ROM命令
  91   1      WriteOneChar(0xbe);//读寄存器，共九字节，前两字节为转换值
  92   1      a=ReadOneChar(); //a存低字节
  93   1      b=ReadOneChar(); //b存高字节
  94   1      t=((b<<8)|a);
  95   1      return((t>>4)*10+table_tempfh[t&0x0f]);
  96   1      /*
  97   1      t=b;
  98   1      t<<=8;//高字节转换为10进制
  99   1      t=t|a;
 100   1      tep=t*0.0625;//转换精度为0.0625/LSB
 101   1      t=tep*10+0.5;//保留1位小数并四舍五入****后面除10还原正确温度值）
 102   1      */
 103   1      }
 104          //Function:内部配置
 105          
 106          void Config18b20 (void)  //重新配置报警限定值和分辨率
 107          {
 108   1           Init_DS18B20();
 109   1           WriteOneChar(0xcc);  //skip rom
 110   1           WriteOneChar(0x4e);  //write scratchpad
 111   1           WriteOneChar(0xff);  //上限
 112   1           WriteOneChar(0x00);  //下限
 113   1           WriteOneChar(0x7f);     //set 12 bit
 114   1           Init_DS18B20();
 115   1           WriteOneChar(0xcc);  //skip rom
 116   1           WriteOneChar(0x48);  //保存设定值
 117   1           Init_DS18B20();
C51 COMPILER V6.12  18B20                                                                  08/05/2013 15:34:01 PAGE 3   

 118   1           WriteOneChar(0xcc);  //skip rom
 119   1           WriteOneChar(0xb8);  //回调设定值
 120   1      }
 121          


MODULE INFORMATION:   STATIC OVERLAYABLE
   CODE SIZE        =    235    ----
   CONSTANT SIZE    =   ----    ----
   XDATA SIZE       =   ----    ----
   PDATA SIZE       =   ----    ----
   DATA SIZE        =     16       2
   IDATA SIZE       =   ----    ----
   BIT SIZE         =   ----    ----
END OF MODULE INFORMATION.


C51 COMPILATION COMPLETE.  0 WARNING(S),  0 ERROR(S)
