C51 COMPILER V6.12  UARTTIMER1                                                             08/05/2013 15:34:01 PAGE 1   


C51 COMPILER V6.12, COMPILATION OF MODULE UARTTIMER1
OBJECT MODULE PLACED IN .\uartTimer1.OBJ
COMPILER INVOKED BY: C:\Keil\C51\BIN\C51.EXE .\uartTimer1.c DEBUG OBJECTEXTEND

stmt level    source

   1          #include"STC_NEW_8051.h"
   2          #include"uartTimer1.h"
   3          
   4          void UartInit(void)		//9600bps@11.0592MHz
   5          {
   6   1      	PCON &= 0x7F;		//波特率不倍速
   7   1      	SCON = 0x50;		//8位数据,可变波特率
   8   1      	AUXR &= 0xBF;		//定时器1时钟为Fosc/12,即12T
   9   1      	AUXR &= 0xFE;		//串口1选择定时器1为波特率发生器
  10   1      	TMOD &= 0x0F;		//清除定时器1模式位
  11   1      	TMOD |= 0x20;		//设定定时器1为8位自动重装方式
  12   1      	TL1 = 0xFD;		//设定定时初值
  13   1      	TH1 = 0xFD;		//设定定时器重装值
  14   1      	ET1 = 0;		//禁止定时器1中断
  15   1      	TR1 = 1;		//启动定时器1
  16   1      
  17   1      	TI=1;
  18   1      	EA=1;
  19   1      }
  20          


MODULE INFORMATION:   STATIC OVERLAYABLE
   CODE SIZE        =     33    ----
   CONSTANT SIZE    =   ----    ----
   XDATA SIZE       =   ----    ----
   PDATA SIZE       =   ----    ----
   DATA SIZE        =   ----    ----
   IDATA SIZE       =   ----    ----
   BIT SIZE         =   ----    ----
END OF MODULE INFORMATION.


C51 COMPILATION COMPLETE.  0 WARNING(S),  0 ERROR(S)
